<?xml version="1.0" encoding="UTF-8"?>
<!-- Generated by org.testng.reporters.JUnitXMLReporter -->
<testsuite hostname="GLB7310" name="Smoke" tests="1" failures="1" timestamp="31 Aug 2012 20:33:23 GMT" time="24.937" errors="0">
  <testcase name="AboutUsTest" time="24.484" classname="com.roomkey.test.Regression">
    <failure type="org.openqa.selenium.NoSuchElementException" message="Unable to locate element: {&amp;quot;method&amp;quot;:&amp;quot;xpath&amp;quot;,&amp;quot;selector&amp;quot;:&amp;quot;//*[@id=&amp;apos;copter-autofill-1346443180821&amp;apos;]&amp;quot;}
Command duration or timeout: 15.03 seconds
For documentation on this error, please visit: http://seleniumhq.org/exceptions/no_such_element.html
Build info: version: &amp;apos;unknown&amp;apos;, revision: &amp;apos;unknown&amp;apos;, time: &amp;apos;unknown&amp;apos;
System info: os.name: &amp;apos;Windows XP&amp;apos;, os.arch: &amp;apos;x86&amp;apos;, os.version: &amp;apos;5.1&amp;apos;, java.version: &amp;apos;1.7.0_05&amp;apos;
Driver info: driver.version: EventFiringWebDriver
Session ID: ae665f67-65f2-4f5a-ae63-91d9256b6353">
      <![CDATA[org.openqa.selenium.NoSuchElementException: Unable to locate element: {"method":"xpath","selector":"//*[@id='copter-autofill-1346443180821']"}
Command duration or timeout: 15.03 seconds
For documentation on this error, please visit: http://seleniumhq.org/exceptions/no_such_element.html
Build info: version: 'unknown', revision: 'unknown', time: 'unknown'
System info: os.name: 'Windows XP', os.arch: 'x86', os.version: '5.1', java.version: '1.7.0_05'
Driver info: driver.version: EventFiringWebDriver
Session ID: ae665f67-65f2-4f5a-ae63-91d9256b6353
	at org.openqa.selenium.remote.ErrorHandler.createThrowable(ErrorHandler.java:188)
	at org.openqa.selenium.remote.ErrorHandler.throwIfResponseFailed(ErrorHandler.java:145)
	at org.openqa.selenium.remote.RemoteWebDriver.execute(RemoteWebDriver.java:458)
	at org.openqa.selenium.remote.RemoteWebDriver.findElement(RemoteWebDriver.java:226)
	at org.openqa.selenium.remote.RemoteWebDriver.findElementByXPath(RemoteWebDriver.java:311)
	at org.openqa.selenium.By$ByXPath.findElement(By.java:343)
	at org.openqa.selenium.remote.RemoteWebDriver.findElement(RemoteWebDriver.java:218)
	at org.openqa.selenium.support.events.EventFiringWebDriver$2.invoke(EventFiringWebDriver.java:101)
	at $Proxy8.findElement(Unknown Source)
	at org.openqa.selenium.support.events.EventFiringWebDriver.findElement(EventFiringWebDriver.java:180)
	at org.openqa.selenium.support.pagefactory.DefaultElementLocator.findElement(DefaultElementLocator.java:59)
	at org.openqa.selenium.support.pagefactory.internal.LocatingElementHandler.invoke(LocatingElementHandler.java:34)
	at $Proxy10.sendKeys(Unknown Source)
	at com.roomkey.page.RoomKeyHomePage.fillCitySearch(RoomKeyHomePage.java:37)
	at com.roomkey.test.Regression.AboutUsTest(Regression.java:36)
Caused by: org.openqa.selenium.remote.ErrorHandler$UnknownServerException: Unable to locate element: {"method":"xpath","selector":"//*[@id='copter-autofill-1346443180821']"}
Build info: version: 'unknown', revision: 'unknown', time: 'unknown'
System info: os.name: 'Windows XP', os.arch: 'x86', os.version: '5.1', java.version: '1.7.0_05'
Driver info: driver.version: unknown
	at <anonymous class>.<anonymous method>(file:///C:/DOCUME~1/REYNAL~1.DUA/LOCALS~1/Temp/anonymous4769980441085453666webdriver-profile/extensions/fxdriver@googlecode.com/components/driver_component.js:6564)
	at <anonymous class>.<anonymous method>(file:///C:/DOCUME~1/REYNAL~1.DUA/LOCALS~1/Temp/anonymous4769980441085453666webdriver-profile/extensions/fxdriver@googlecode.com/components/driver_component.js:471)
... Removed 32 stack frames]]>
    </failure>
  </testcase> <!-- AboutUsTest -->
</testsuite> <!-- Smoke -->
